[0m22:12:06.893971 [debug] [MainThread]: Sending event: {'category': 'dbt', 'action': 'invocation', 'label': 'start', 'context': [<snowplow_tracker.self_describing_json.SelfDescribingJson object at 0x0000026ADCECCAF0>, <snowplow_tracker.self_describing_json.SelfDescribingJson object at 0x0000026ADF5CFDF0>, <snowplow_tracker.self_describing_json.SelfDescribingJson object at 0x0000026ADF5CFBE0>]}


============================== 22:12:06.894929 | caccd7b5-8cad-4c1e-9972-af0fb3eb8647 ==============================
[0m22:12:06.894929 [info ] [MainThread]: Running with dbt=1.8.0
[0m22:12:06.896931 [debug] [MainThread]: running dbt with arguments {'printer_width': '80', 'indirect_selection': 'eager', 'log_cache_events': 'False', 'write_json': 'True', 'partial_parse': 'True', 'cache_selected_only': 'False', 'profiles_dir': 'C:\\Users\\Rafael\\.dbt', 'version_check': 'True', 'debug': 'False', 'log_path': 'logs', 'warn_error': 'None', 'fail_fast': 'False', 'use_colors': 'True', 'use_experimental_parser': 'False', 'no_print': 'None', 'quiet': 'False', 'log_format': 'default', 'invocation_command': 'dbt debug', 'warn_error_options': 'WarnErrorOptions(include=[], exclude=[])', 'introspect': 'True', 'target_path': 'None', 'static_parser': 'True', 'send_anonymous_usage_stats': 'True'}
[0m22:12:06.946930 [info ] [MainThread]: dbt version: 1.8.0
[0m22:12:06.947932 [info ] [MainThread]: python version: 3.10.0
[0m22:12:06.948929 [info ] [MainThread]: python path: C:\Users\Rafael\Desktop\datalake-austa\.venv\Scripts\python.exe
[0m22:12:06.948929 [info ] [MainThread]: os info: Windows-10-10.0.19045-SP0
[0m22:12:06.957933 [info ] [MainThread]: Error importing adapter: No module named 'dbt.adapters.sqlserver'
[0m22:12:06.959932 [info ] [MainThread]: Using profiles dir at C:\Users\Rafael\.dbt
[0m22:12:06.961934 [info ] [MainThread]: Using profiles.yml file at C:\Users\Rafael\.dbt\profiles.yml
[0m22:12:06.962936 [info ] [MainThread]: Using dbt_project.yml file at C:\Users\Rafael\Desktop\datalake-austa\dbt_project.yml
[0m22:12:06.964937 [info ] [MainThread]: Configuration:
[0m22:12:06.965933 [info ] [MainThread]:   profiles.yml file [[31mERROR invalid[0m]
[0m22:12:06.966933 [info ] [MainThread]:   dbt_project.yml file [[31mERROR not found[0m]
[0m22:12:06.968931 [info ] [MainThread]: Required dependencies:
[0m22:12:06.969937 [debug] [MainThread]: Executing "git --help"
[0m22:12:07.061931 [debug] [MainThread]: STDOUT: "b"usage: git [-v | --version] [-h | --help] [-C <path>] [-c <name>=<value>]\n           [--exec-path[=<path>]] [--html-path] [--man-path] [--info-path]\n           [-p | --paginate | -P | --no-pager] [--no-replace-objects] [--bare]\n           [--git-dir=<path>] [--work-tree=<path>] [--namespace=<name>]\n           [--config-env=<name>=<envvar>] <command> [<args>]\n\nThese are common Git commands used in various situations:\n\nstart a working area (see also: git help tutorial)\n   clone     Clone a repository into a new directory\n   init      Create an empty Git repository or reinitialize an existing one\n\nwork on the current change (see also: git help everyday)\n   add       Add file contents to the index\n   mv        Move or rename a file, a directory, or a symlink\n   restore   Restore working tree files\n   rm        Remove files from the working tree and from the index\n\nexamine the history and state (see also: git help revisions)\n   bisect    Use binary search to find the commit that introduced a bug\n   diff      Show changes between commits, commit and working tree, etc\n   grep      Print lines matching a pattern\n   log       Show commit logs\n   show      Show various types of objects\n   status    Show the working tree status\n\ngrow, mark and tweak your common history\n   branch    List, create, or delete branches\n   commit    Record changes to the repository\n   merge     Join two or more development histories together\n   rebase    Reapply commits on top of another base tip\n   reset     Reset current HEAD to the specified state\n   switch    Switch branches\n   tag       Create, list, delete or verify a tag object signed with GPG\n\ncollaborate (see also: git help workflows)\n   fetch     Download objects and refs from another repository\n   pull      Fetch from and integrate with another repository or a local branch\n   push      Update remote refs along with associated objects\n\n'git help -a' and 'git help -g' list available subcommands and some\nconcept guides. See 'git help <command>' or 'git help <concept>'\nto read about a specific subcommand or concept.\nSee 'git help git' for an overview of the system.\n""
[0m22:12:07.063929 [debug] [MainThread]: STDERR: "b''"
[0m22:12:07.064928 [info ] [MainThread]:  - git [[32mOK found[0m]

[0m22:12:07.065929 [info ] [MainThread]: Connection test skipped since no profile was found
[0m22:12:07.066933 [info ] [MainThread]: [31m2 checks failed:[0m
[0m22:12:07.068931 [info ] [MainThread]: Could not load dbt_project.yml
Profile loading failed for the following reason:
Runtime Error
  Credentials in profile "oben_dbt_poc", target "dev" invalid: Runtime Error
    Could not find adapter type sqlserver!


[0m22:12:07.070931 [info ] [MainThread]: Project loading failed for the following reason:
 project path <C:\Users\Rafael\Desktop\datalake-austa\dbt_project.yml> not found

[0m22:12:07.073944 [debug] [MainThread]: Command `dbt debug` failed at 22:12:07.073944 after 0.30 seconds
[0m22:12:07.074930 [debug] [MainThread]: Sending event: {'category': 'dbt', 'action': 'invocation', 'label': 'end', 'context': [<snowplow_tracker.self_describing_json.SelfDescribingJson object at 0x0000026ADCECCAF0>, <snowplow_tracker.self_describing_json.SelfDescribingJson object at 0x0000026ADEEF93F0>, <snowplow_tracker.self_describing_json.SelfDescribingJson object at 0x0000026ADF424DF0>]}
[0m22:12:07.075931 [debug] [MainThread]: Flushing usage events
[0m22:40:25.469112 [debug] [MainThread]: Sending event: {'category': 'dbt', 'action': 'invocation', 'label': 'start', 'context': [<snowplow_tracker.self_describing_json.SelfDescribingJson object at 0x0000021208290970>, <snowplow_tracker.self_describing_json.SelfDescribingJson object at 0x000002120A98DD50>, <snowplow_tracker.self_describing_json.SelfDescribingJson object at 0x000002120A98DB40>]}


============================== 22:40:25.470109 | d4fc1d96-4bab-4311-a23d-d7372a7f6c33 ==============================
[0m22:40:25.470109 [info ] [MainThread]: Running with dbt=1.8.0
[0m22:40:25.471112 [debug] [MainThread]: running dbt with arguments {'printer_width': '80', 'indirect_selection': 'eager', 'write_json': 'True', 'log_cache_events': 'False', 'partial_parse': 'True', 'cache_selected_only': 'False', 'warn_error': 'None', 'fail_fast': 'False', 'debug': 'False', 'log_path': 'logs', 'profiles_dir': 'C:\\Users\\Rafael\\Desktop\\datalake-austa\\dbt', 'version_check': 'True', 'use_colors': 'True', 'use_experimental_parser': 'False', 'no_print': 'None', 'quiet': 'False', 'warn_error_options': 'WarnErrorOptions(include=[], exclude=[])', 'static_parser': 'True', 'log_format': 'default', 'introspect': 'True', 'target_path': 'None', 'invocation_command': 'dbt run --select bronze_tasy_atend_paciente_unidade --full-refresh', 'send_anonymous_usage_stats': 'True'}
[0m22:40:25.472110 [error] [MainThread]: Encountered an error:
Runtime Error
  No dbt_project.yml found at expected path C:\Users\Rafael\Desktop\datalake-austa\dbt_project.yml
  Verify that each entry within packages.yml (and their transitive dependencies) contains a file named dbt_project.yml
  
[0m22:40:25.475111 [debug] [MainThread]: Command `dbt run` failed at 22:40:25.475111 after 0.15 seconds
[0m22:40:25.476110 [debug] [MainThread]: Sending event: {'category': 'dbt', 'action': 'invocation', 'label': 'end', 'context': [<snowplow_tracker.self_describing_json.SelfDescribingJson object at 0x0000021208290970>, <snowplow_tracker.self_describing_json.SelfDescribingJson object at 0x000002120A98DA80>, <snowplow_tracker.self_describing_json.SelfDescribingJson object at 0x000002120A98DAE0>]}
[0m22:40:25.476110 [debug] [MainThread]: Flushing usage events
[0m15:31:40.717436 [debug] [MainThread]: Sending event: {'category': 'dbt', 'action': 'invocation', 'label': 'start', 'context': [<snowplow_tracker.self_describing_json.SelfDescribingJson object at 0x0000026331930940>, <snowplow_tracker.self_describing_json.SelfDescribingJson object at 0x000002633402DD20>, <snowplow_tracker.self_describing_json.SelfDescribingJson object at 0x000002633402DB10>]}


============================== 15:31:40.721433 | c3f5b587-ff98-40da-a7c5-0e369d2d8e57 ==============================
[0m15:31:40.721433 [info ] [MainThread]: Running with dbt=1.8.0
[0m15:31:40.722434 [debug] [MainThread]: running dbt with arguments {'printer_width': '80', 'indirect_selection': 'eager', 'write_json': 'True', 'log_cache_events': 'False', 'partial_parse': 'True', 'cache_selected_only': 'False', 'warn_error': 'None', 'debug': 'False', 'profiles_dir': 'C:\\Users\\Rafael\\Desktop\\datalake-austa\\dbt', 'log_path': 'logs', 'version_check': 'True', 'fail_fast': 'False', 'use_colors': 'True', 'use_experimental_parser': 'False', 'no_print': 'None', 'quiet': 'False', 'log_format': 'default', 'static_parser': 'True', 'invocation_command': 'dbt run --select bronze_tasy_atend_paciente_unidade --full-refresh', 'warn_error_options': 'WarnErrorOptions(include=[], exclude=[])', 'target_path': 'None', 'introspect': 'True', 'send_anonymous_usage_stats': 'True'}
[0m15:31:40.723436 [error] [MainThread]: Encountered an error:
Runtime Error
  No dbt_project.yml found at expected path C:\Users\Rafael\Desktop\datalake-austa\dbt_project.yml
  Verify that each entry within packages.yml (and their transitive dependencies) contains a file named dbt_project.yml
  
[0m15:31:40.725436 [debug] [MainThread]: Command `dbt run` failed at 15:31:40.725436 after 0.24 seconds
[0m15:31:40.726437 [debug] [MainThread]: Sending event: {'category': 'dbt', 'action': 'invocation', 'label': 'end', 'context': [<snowplow_tracker.self_describing_json.SelfDescribingJson object at 0x0000026331930940>, <snowplow_tracker.self_describing_json.SelfDescribingJson object at 0x000002633402DCF0>, <snowplow_tracker.self_describing_json.SelfDescribingJson object at 0x000002633402DD80>]}
[0m15:31:40.726437 [debug] [MainThread]: Flushing usage events
[0m21:04:31.450999 [debug] [MainThread]: Sending event: {'category': 'dbt', 'action': 'invocation', 'label': 'start', 'context': [<snowplow_tracker.self_describing_json.SelfDescribingJson object at 0x000002403BC20940>, <snowplow_tracker.self_describing_json.SelfDescribingJson object at 0x000002403E31DD20>, <snowplow_tracker.self_describing_json.SelfDescribingJson object at 0x000002403E31DB10>]}


============================== 21:04:31.452999 | ac75122b-cba9-4b2f-9846-8dac6a08bf0d ==============================
[0m21:04:31.452999 [info ] [MainThread]: Running with dbt=1.8.0
[0m21:04:31.454997 [debug] [MainThread]: running dbt with arguments {'printer_width': '80', 'indirect_selection': 'eager', 'log_cache_events': 'False', 'write_json': 'True', 'partial_parse': 'True', 'cache_selected_only': 'False', 'warn_error': 'None', 'fail_fast': 'False', 'profiles_dir': 'C:\\Users\\Rafael\\Desktop\\datalake-austa\\dbt', 'log_path': 'logs', 'version_check': 'True', 'debug': 'False', 'use_colors': 'True', 'use_experimental_parser': 'False', 'no_print': 'None', 'quiet': 'False', 'log_format': 'default', 'introspect': 'True', 'invocation_command': 'dbt run --select bronze_tasy_atend_paciente_unidade --full-refresh', 'static_parser': 'True', 'target_path': 'None', 'warn_error_options': 'WarnErrorOptions(include=[], exclude=[])', 'send_anonymous_usage_stats': 'True'}
[0m21:04:31.455996 [error] [MainThread]: Encountered an error:
Runtime Error
  No dbt_project.yml found at expected path C:\Users\Rafael\Desktop\datalake-austa\dbt_project.yml
  Verify that each entry within packages.yml (and their transitive dependencies) contains a file named dbt_project.yml
  
[0m21:04:31.457994 [debug] [MainThread]: Command `dbt run` failed at 21:04:31.456997 after 0.12 seconds
[0m21:04:31.457994 [debug] [MainThread]: Sending event: {'category': 'dbt', 'action': 'invocation', 'label': 'end', 'context': [<snowplow_tracker.self_describing_json.SelfDescribingJson object at 0x000002403BC20940>, <snowplow_tracker.self_describing_json.SelfDescribingJson object at 0x000002403E31DCF0>, <snowplow_tracker.self_describing_json.SelfDescribingJson object at 0x000002403E31DD80>]}
[0m21:04:31.458994 [debug] [MainThread]: Flushing usage events
[0m10:14:35.874074 [debug] [MainThread]: Sending event: {'category': 'dbt', 'action': 'invocation', 'label': 'start', 'context': [<snowplow_tracker.self_describing_json.SelfDescribingJson object at 0x00000250E5F208E0>, <snowplow_tracker.self_describing_json.SelfDescribingJson object at 0x00000250E861DE40>, <snowplow_tracker.self_describing_json.SelfDescribingJson object at 0x00000250E861DC30>]}


============================== 10:14:35.877078 | 71269261-81bf-4f05-9a9e-c4b1436c4159 ==============================
[0m10:14:35.877078 [info ] [MainThread]: Running with dbt=1.8.0
[0m10:14:35.878075 [debug] [MainThread]: running dbt with arguments {'printer_width': '80', 'indirect_selection': 'eager', 'write_json': 'True', 'log_cache_events': 'False', 'partial_parse': 'True', 'cache_selected_only': 'False', 'warn_error': 'None', 'debug': 'False', 'profiles_dir': 'C:\\Users\\Rafael\\Desktop\\datalake-austa\\dbt', 'log_path': 'logs', 'version_check': 'True', 'fail_fast': 'False', 'use_colors': 'True', 'use_experimental_parser': 'False', 'no_print': 'None', 'quiet': 'False', 'warn_error_options': 'WarnErrorOptions(include=[], exclude=[])', 'introspect': 'True', 'log_format': 'default', 'invocation_command': 'dbt docs generate', 'target_path': 'None', 'static_parser': 'True', 'send_anonymous_usage_stats': 'True'}
[0m10:14:35.880079 [error] [MainThread]: Encountered an error:
Runtime Error
  No dbt_project.yml found at expected path C:\Users\Rafael\Desktop\datalake-austa\dbt_project.yml
  Verify that each entry within packages.yml (and their transitive dependencies) contains a file named dbt_project.yml
  
[0m10:14:35.883075 [debug] [MainThread]: Command `dbt docs generate` failed at 10:14:35.883075 after 0.18 seconds
[0m10:14:35.885080 [debug] [MainThread]: Sending event: {'category': 'dbt', 'action': 'invocation', 'label': 'end', 'context': [<snowplow_tracker.self_describing_json.SelfDescribingJson object at 0x00000250E5F208E0>, <snowplow_tracker.self_describing_json.SelfDescribingJson object at 0x00000250E861DB70>, <snowplow_tracker.self_describing_json.SelfDescribingJson object at 0x00000250E861DBD0>]}
[0m10:14:35.886087 [debug] [MainThread]: Flushing usage events
